<?xml version="1.0" encoding="utf-8"?><testsuites><testsuite errors="0" failures="0" hostname="lumipyry" name="pytest" skipped="0" tests="28" time="0.205" timestamp="2021-05-07T01:22:15.424985"><testcase classname="test_airpurifier.TestAirPurifier" file="test_airpurifier.py" line="93" name="test_off" time="0.001"></testcase><testcase classname="test_airpurifier.TestAirPurifier" file="test_airpurifier.py" line="86" name="test_on" time="0.000"></testcase><testcase classname="test_airpurifier.TestAirPurifier" file="test_airpurifier.py" line="277" name="test_reset_filter" time="0.000"></testcase><testcase classname="test_airpurifier.TestAirPurifier" file="test_airpurifier.py" line="253" name="test_set_auto_detect" time="0.000"></testcase><testcase classname="test_airpurifier.TestAirPurifier" file="test_airpurifier.py" line="206" name="test_set_buzzer" time="0.000"></testcase><testcase classname="test_airpurifier.TestAirPurifier" file="test_airpurifier.py" line="216" name="test_set_child_lock" time="0.000"></testcase><testcase classname="test_airpurifier.TestAirPurifier" file="test_airpurifier.py" line="263" name="test_set_extra_features" time="0.001"></testcase><testcase classname="test_airpurifier.TestAirPurifier" file="test_airpurifier.py" line="166" name="test_set_favorite_level" time="0.001"></testcase><testcase classname="test_airpurifier.TestAirPurifier" file="test_airpurifier.py" line="243" name="test_set_learn_mode" time="0.001"></testcase><testcase classname="test_airpurifier.TestAirPurifier" file="test_airpurifier.py" line="196" name="test_set_led" time="0.000"></testcase><testcase classname="test_airpurifier.TestAirPurifier" file="test_airpurifier.py" line="183" name="test_set_led_brightness" time="0.000"></testcase><testcase classname="test_airpurifier.TestAirPurifier" file="test_airpurifier.py" line="150" name="test_set_mode" time="0.000"></testcase><testcase classname="test_airpurifier.TestAirPurifier" file="test_airpurifier.py" line="226" name="test_set_volume" time="0.000"></testcase><testcase classname="test_airpurifier.TestAirPurifier" file="test_airpurifier.py" line="100" name="test_status" time="0.001"></testcase><testcase classname="test_airpurifier.TestAirPurifier" file="test_airpurifier.py" line="351" name="test_status_filter_rfid_product_ids" time="0.000"></testcase><testcase classname="test_airpurifier.TestAirPurifier" file="test_airpurifier.py" line="305" name="test_status_unknown_led_brightness" time="0.000"></testcase><testcase classname="test_airpurifier.TestAirPurifier" file="test_airpurifier.py" line="341" name="test_status_with_filter_rfid_tag_zeros" time="0.000"></testcase><testcase classname="test_airpurifier.TestAirPurifier" file="test_airpurifier.py" line="365" name="test_status_without_app_extra" time="0.000"></testcase><testcase classname="test_airpurifier.TestAirPurifier" file="test_airpurifier.py" line="371" name="test_status_without_auto_detect" time="0.000"></testcase><testcase classname="test_airpurifier.TestAirPurifier" file="test_airpurifier.py" line="323" name="test_status_without_buzzer" time="0.001"></testcase><testcase classname="test_airpurifier.TestAirPurifier" file="test_airpurifier.py" line="346" name="test_status_without_filter_rfid_product_id" time="0.000"></testcase><testcase classname="test_airpurifier.TestAirPurifier" file="test_airpurifier.py" line="335" name="test_status_without_filter_rfid_tag" time="0.001"></testcase><testcase classname="test_airpurifier.TestAirPurifier" file="test_airpurifier.py" line="317" name="test_status_without_illuminance" time="0.000"></testcase><testcase classname="test_airpurifier.TestAirPurifier" file="test_airpurifier.py" line="298" name="test_status_without_led_brightness" time="0.000"></testcase><testcase classname="test_airpurifier.TestAirPurifier" file="test_airpurifier.py" line="329" name="test_status_without_motor2_speed" time="0.000"></testcase><testcase classname="test_airpurifier.TestAirPurifier" file="test_airpurifier.py" line="360" name="test_status_without_sleep_mode" time="0.000"></testcase><testcase classname="test_airpurifier.TestAirPurifier" file="test_airpurifier.py" line="312" name="test_status_without_temperature" time="0.000"></testcase><testcase classname="test_airpurifier.TestAirPurifier" file="test_airpurifier.py" line="291" name="test_status_without_volume" time="0.001"></testcase></testsuite></testsuites>